<?xml version="1.0" encoding="UTF-8"?>
<!-- Generated by org.testng.reporters.JUnitReportReporter -->
<testsuite name="com.testng.study.Study1" tests="3" time="0.026" ignored="1" failures="0" timestamp="06 五月 2018 07:10:07 GMT" skipped="0" hostname="LXG-PC" errors="0">
  <testcase name="test002_set" time="0.018" classname="com.testng.study.Study1"/>
  <testcase name="test003" time="0.001" classname="com.testng.study.Study1"/>
  <testcase name="test001_login" time="0.007" classname="com.testng.study.Study1"/>
  <testcase name="f111" classname="com.testng.study.Study3">
    <skipped/>
  </testcase> <!-- f111 -->
</testsuite> <!-- com.testng.study.Study1 -->
