<?xml version="1.0" encoding="UTF-8"?>
<!-- Generated by org.testng.reporters.JUnitReportReporter -->
<testsuite name="com.testng.study.Study3" tests="4" time="0.040" ignored="2" failures="0" timestamp="06 五月 2018 07:14:33 GMT" skipped="0" hostname="LXG-PC" errors="0">
  <testcase name="f333" time="0.015" classname="com.testng.study.Study3"/>
  <testcase name="test006_f222" time="0.009" classname="com.testng.study.Study3"/>
  <testcase name="f333" time="0.002" classname="com.testng.study.Study3"/>
  <testcase name="test006_f222" time="0.014" classname="com.testng.study.Study3"/>
  <testcase name="f111" classname="com.testng.study.Study3">
    <skipped/>
  </testcase> <!-- f111 -->
  <testcase name="f111" classname="com.testng.study.Study3">
    <skipped/>
  </testcase> <!-- f111 -->
</testsuite> <!-- com.testng.study.Study3 -->
